[ 2016-06-30T12:23:15+08:00 ] 118.132.120.53 /php/weiphp3/index.php?s=/Admin/Config/group.html
INFO: [ app_init ] --START--
INFO: Run Behavior\BuildLiteBehavior [ RunTime:0.000032s ]
INFO: Run Common\Behavior\InitHookBehavior [ RunTime:0.087214s ]
INFO: [ app_init ] --END-- [ RunTime:0.088795s ]
INFO: [ app_begin ] --START--
INFO: Run Behavior\ReadHtmlCacheBehavior [ RunTime:0.001598s ]
INFO: [ app_begin ] --END-- [ RunTime:0.001684s ]
SQL: SELECT `value` FROM `wp_config` WHERE ( name="FOLLOW_YOUKE_UID" ) LIMIT 1   [ RunTime:0.0160s ]
SQL: UPDATE `wp_config` SET `value`='-271' WHERE ( name="FOLLOW_YOUKE_UID" ) [ RunTime:0.0006s ]
NOTIC: [8] Undefined index: uid C:\www\php\weiphp3\ThinkPHP\Library\Think\Controller.class.php 第 529 行.
SQL: SHOW COLUMNS FROM `wp_auth_group_access` [ RunTime:0.0064s ]
SQL: SELECT a.uid,a.group_id,g.title,g.rules FROM wp_auth_group_access a INNER JOIN wp_auth_group g on a.group_id=g.id  WHERE ( a.uid='-271' and g.status='1' )  [ RunTime:0.0062s ]
SQL: SELECT `id`,`token` FROM `wp_public`  [ RunTime:0.0312s ]
NOTIC: [8] Undefined index: -1 C:\www\php\weiphp3\Application\Common\Model\PublicModel.class.php 第 38 行.
NOTIC: [8] Undefined index: addon_status C:\www\php\weiphp3\Application\Common\Model\AddonStatusModel.class.php 第 47 行.
NOTIC: [8] Undefined index: group_id C:\www\php\weiphp3\Application\Common\Model\AddonStatusModel.class.php 第 50 行.
NOTIC: [8] Undefined variable: addons C:\www\php\weiphp3\Application\Common\Common\function.php 第 501 行.
NOTIC: [8] Undefined variable: addons C:\www\php\weiphp3\Application\Common\Common\function.php 第 501 行.
NOTIC: [8] Undefined variable: addons C:\www\php\weiphp3\Application\Common\Common\function.php 第 501 行.
NOTIC: [8] Undefined variable: addons C:\www\php\weiphp3\Application\Common\Common\function.php 第 501 行.
NOTIC: [8] Undefined variable: addons C:\www\php\weiphp3\Application\Common\Common\function.php 第 501 行.
NOTIC: [8] Undefined variable: addons C:\www\php\weiphp3\Application\Common\Common\function.php 第 501 行.
NOTIC: [8] Undefined variable: addons C:\www\php\weiphp3\Application\Common\Common\function.php 第 501 行.
NOTIC: [8] Undefined variable: addons C:\www\php\weiphp3\Application\Common\Common\function.php 第 501 行.
NOTIC: [8] Undefined variable: addons C:\www\php\weiphp3\Application\Common\Common\function.php 第 501 行.
NOTIC: [8] Undefined variable: addons C:\www\php\weiphp3\Application\Common\Common\function.php 第 501 行.
NOTIC: [8] Undefined variable: addons C:\www\php\weiphp3\Application\Common\Common\function.php 第 501 行.
NOTIC: [8] Undefined variable: addons C:\www\php\weiphp3\Application\Common\Common\function.php 第 501 行.
NOTIC: [8] Undefined variable: addons C:\www\php\weiphp3\Application\Common\Common\function.php 第 501 行.
NOTIC: [8] Undefined variable: addons C:\www\php\weiphp3\Application\Common\Common\function.php 第 501 行.
NOTIC: [8] Undefined variable: addons C:\www\php\weiphp3\Application\Common\Common\function.php 第 501 行.
NOTIC: [8] Undefined variable: addons C:\www\php\weiphp3\Application\Common\Common\function.php 第 501 行.
NOTIC: [8] Undefined variable: addons C:\www\php\weiphp3\Application\Common\Common\function.php 第 501 行.
NOTIC: [8] Undefined variable: addons C:\www\php\weiphp3\Application\Common\Common\function.php 第 501 行.
NOTIC: [8] Undefined variable: addons C:\www\php\weiphp3\Application\Common\Common\function.php 第 501 行.
NOTIC: [8] Undefined variable: addons C:\www\php\weiphp3\Application\Common\Common\function.php 第 501 行.
NOTIC: [8] Undefined variable: addons C:\www\php\weiphp3\Application\Common\Common\function.php 第 501 行.
NOTIC: [8] Undefined variable: addons C:\www\php\weiphp3\Application\Common\Common\function.php 第 501 行.
NOTIC: [8] Undefined variable: addons C:\www\php\weiphp3\Application\Common\Common\function.php 第 501 行.
NOTIC: [8] Undefined variable: addons C:\www\php\weiphp3\Application\Common\Common\function.php 第 501 行.
NOTIC: [8] Undefined variable: addons C:\www\php\weiphp3\Application\Common\Common\function.php 第 501 行.
NOTIC: [8] Undefined variable: addons C:\www\php\weiphp3\Application\Common\Common\function.php 第 501 行.
NOTIC: [8] Undefined variable: addons C:\www\php\weiphp3\Application\Common\Common\function.php 第 501 行.
NOTIC: [8] Undefined variable: addons C:\www\php\weiphp3\Application\Common\Common\function.php 第 501 行.
NOTIC: [8] Undefined variable: addons C:\www\php\weiphp3\Application\Common\Common\function.php 第 501 行.
NOTIC: [8] Undefined variable: addons C:\www\php\weiphp3\Application\Common\Common\function.php 第 501 行.
NOTIC: [8] Undefined variable: addons C:\www\php\weiphp3\Application\Common\Common\function.php 第 501 行.
NOTIC: [8] Undefined variable: addons C:\www\php\weiphp3\Application\Common\Common\function.php 第 501 行.
NOTIC: [8] Undefined variable: addons C:\www\php\weiphp3\Application\Common\Common\function.php 第 501 行.
NOTIC: [8] Undefined variable: addons C:\www\php\weiphp3\Application\Common\Common\function.php 第 501 行.
NOTIC: [8] Undefined variable: addons C:\www\php\weiphp3\Application\Common\Common\function.php 第 501 行.
NOTIC: [8] Undefined variable: addons C:\www\php\weiphp3\Application\Common\Common\function.php 第 501 行.
NOTIC: [8] Undefined variable: addons C:\www\php\weiphp3\Application\Common\Common\function.php 第 501 行.
SQL: SELECT * FROM `wp_manager_menu` WHERE `uid` = 0 AND `is_hide` = 0 ORDER BY sort asc, id asc  [ RunTime:0.0064s ]
SQL: SELECT * FROM `wp_manager_menu` WHERE `uid` = 1 AND `is_hide` = 0 ORDER BY sort asc, id asc  [ RunTime:0.0008s ]
NOTIC: [8] Undefined variable: addons C:\www\php\weiphp3\Application\Common\Common\function.php 第 501 行.
NOTIC: [8] Undefined variable: addons C:\www\php\weiphp3\Application\Common\Common\function.php 第 501 行.
NOTIC: [8] Undefined variable: addons C:\www\php\weiphp3\Application\Common\Common\function.php 第 501 行.
NOTIC: [8] Undefined variable: addons C:\www\php\weiphp3\Application\Common\Common\function.php 第 501 行.
NOTIC: [8] Undefined variable: addons C:\www\php\weiphp3\Application\Common\Common\function.php 第 501 行.
NOTIC: [8] Undefined variable: addons C:\www\php\weiphp3\Application\Common\Common\function.php 第 501 行.
NOTIC: [8] Undefined variable: addons C:\www\php\weiphp3\Application\Common\Common\function.php 第 501 行.
NOTIC: [8] Undefined variable: addons C:\www\php\weiphp3\Application\Common\Common\function.php 第 501 行.
NOTIC: [8] Undefined variable: addons C:\www\php\weiphp3\Application\Common\Common\function.php 第 501 行.
NOTIC: [8] Undefined index: 14 C:\www\php\weiphp3\Application\Common\Model\ManagerMenuModel.class.php 第 106 行.
NOTIC: [8] Undefined index: 14 C:\www\php\weiphp3\Application\Common\Model\ManagerMenuModel.class.php 第 116 行.
NOTIC: [8] Undefined index: 60 C:\www\php\weiphp3\Application\Common\Model\ManagerMenuModel.class.php 第 106 行.
NOTIC: [8] Undefined index: 60 C:\www\php\weiphp3\Application\Common\Model\ManagerMenuModel.class.php 第 116 行.
NOTIC: [8] Undefined index: HTTP_REFERER C:\www\php\weiphp3\Application\Common\Model\ManagerMenuModel.class.php 第 139 行.
NOTIC: [8] Undefined index: side C:\www\php\weiphp3\Application\Common\Model\ManagerMenuModel.class.php 第 179 行.
NOTIC: [8] Undefined index: side C:\www\php\weiphp3\Application\Common\Model\ManagerMenuModel.class.php 第 179 行.
NOTIC: [8] Undefined index: side C:\www\php\weiphp3\Application\Common\Model\ManagerMenuModel.class.php 第 179 行.
NOTIC: [8] Undefined index: side C:\www\php\weiphp3\Application\Common\Model\ManagerMenuModel.class.php 第 179 行.
NOTIC: [8] Undefined index: side C:\www\php\weiphp3\Application\Common\Model\ManagerMenuModel.class.php 第 179 行.
NOTIC: [8] Undefined index: side C:\www\php\weiphp3\Application\Common\Model\ManagerMenuModel.class.php 第 179 行.
NOTIC: [8] Undefined index: side C:\www\php\weiphp3\Application\Common\Model\ManagerMenuModel.class.php 第 179 行.
NOTIC: [8] Undefined index: side C:\www\php\weiphp3\Application\Common\Model\ManagerMenuModel.class.php 第 179 行.
NOTIC: [8] Undefined index: side C:\www\php\weiphp3\Application\Common\Model\ManagerMenuModel.class.php 第 179 行.
NOTIC: [8] Undefined index: side C:\www\php\weiphp3\Application\Common\Model\ManagerMenuModel.class.php 第 179 行.
NOTIC: [8] Undefined index: side C:\www\php\weiphp3\Application\Common\Model\ManagerMenuModel.class.php 第 179 行.
NOTIC: [8] Undefined index: side C:\www\php\weiphp3\Application\Common\Model\ManagerMenuModel.class.php 第 179 行.
NOTIC: [8] Undefined index: side C:\www\php\weiphp3\Application\Common\Model\ManagerMenuModel.class.php 第 179 行.
NOTIC: [8] Undefined index: side C:\www\php\weiphp3\Application\Common\Model\ManagerMenuModel.class.php 第 179 行.
NOTIC: [8] Undefined index: side C:\www\php\weiphp3\Application\Common\Model\ManagerMenuModel.class.php 第 179 行.
NOTIC: [8] Undefined index: side C:\www\php\weiphp3\Application\Common\Model\ManagerMenuModel.class.php 第 179 行.
NOTIC: [8] Undefined index: side C:\www\php\weiphp3\Application\Common\Model\ManagerMenuModel.class.php 第 179 行.
NOTIC: [8] Undefined index: side C:\www\php\weiphp3\Application\Common\Model\ManagerMenuModel.class.php 第 179 行.
NOTIC: [8] Undefined index: side C:\www\php\weiphp3\Application\Common\Model\ManagerMenuModel.class.php 第 179 行.
NOTIC: [8] Undefined index: side C:\www\php\weiphp3\Application\Common\Model\ManagerMenuModel.class.php 第 179 行.
NOTIC: [8] Undefined index: side C:\www\php\weiphp3\Application\Common\Model\ManagerMenuModel.class.php 第 179 行.
NOTIC: [8] Undefined index: side C:\www\php\weiphp3\Application\Common\Model\ManagerMenuModel.class.php 第 179 行.
NOTIC: [8] Undefined index: side C:\www\php\weiphp3\Application\Common\Model\ManagerMenuModel.class.php 第 179 行.
NOTIC: [8] Undefined index: side C:\www\php\weiphp3\Application\Common\Model\ManagerMenuModel.class.php 第 179 行.
NOTIC: [8] Undefined index: side C:\www\php\weiphp3\Application\Common\Model\ManagerMenuModel.class.php 第 179 行.
NOTIC: [8] Undefined index: side C:\www\php\weiphp3\Application\Common\Model\ManagerMenuModel.class.php 第 179 行.
NOTIC: [8] Undefined index: side C:\www\php\weiphp3\Application\Common\Model\ManagerMenuModel.class.php 第 179 行.
NOTIC: [8] Undefined index: side C:\www\php\weiphp3\Application\Common\Model\ManagerMenuModel.class.php 第 179 行.
NOTIC: [8] Undefined index: side C:\www\php\weiphp3\Application\Common\Model\ManagerMenuModel.class.php 第 179 行.
NOTIC: [8] Undefined index: side C:\www\php\weiphp3\Application\Common\Model\ManagerMenuModel.class.php 第 179 行.
NOTIC: [8] Undefined index: side C:\www\php\weiphp3\Application\Common\Model\ManagerMenuModel.class.php 第 179 行.
NOTIC: [8] Undefined index: side C:\www\php\weiphp3\Application\Common\Model\ManagerMenuModel.class.php 第 179 行.
NOTIC: [8] Undefined index: side C:\www\php\weiphp3\Application\Common\Model\ManagerMenuModel.class.php 第 179 行.
NOTIC: [8] Undefined index: side C:\www\php\weiphp3\Application\Common\Model\ManagerMenuModel.class.php 第 179 行.
NOTIC: [8] Undefined index: side C:\www\php\weiphp3\Application\Common\Model\ManagerMenuModel.class.php 第 179 行.
NOTIC: [8] Undefined index: side C:\www\php\weiphp3\Application\Common\Model\ManagerMenuModel.class.php 第 179 行.
NOTIC: [8] Undefined index: side C:\www\php\weiphp3\Application\Common\Model\ManagerMenuModel.class.php 第 179 行.
NOTIC: [8] Undefined index: side C:\www\php\weiphp3\Application\Common\Model\ManagerMenuModel.class.php 第 179 行.
NOTIC: [8] Undefined index: side C:\www\php\weiphp3\Application\Common\Model\ManagerMenuModel.class.php 第 179 行.
NOTIC: [8] Undefined index: side C:\www\php\weiphp3\Application\Common\Model\ManagerMenuModel.class.php 第 179 行.
NOTIC: [8] Undefined index: side C:\www\php\weiphp3\Application\Common\Model\ManagerMenuModel.class.php 第 179 行.
NOTIC: [8] Undefined offset: 14 C:\www\php\weiphp3\Application\Common\Model\ManagerMenuModel.class.php 第 185 行.
SQL: SELECT * FROM `wp_public_link` WHERE `uid` = 0  [ RunTime:0.0033s ]
NOTIC: [2] Invalid argument supplied for foreach() C:\www\php\weiphp3\Application\Common\Model\PublicModel.class.php 第 48 行.
NOTIC: [8] Undefined variable: res C:\www\php\weiphp3\Application\Common\Model\PublicModel.class.php 第 52 行.
SQL: SELECT `id`,`title` FROM `wp_addons` WHERE `status` = 1  [ RunTime:0.0162s ]
SQL: UPDATE `wp_attribute` SET `extra`='111:帐号配置
93:互动游戏
18:欢迎语
19:微信用户中心
56:自定义菜单
101:微信卡券
39:微官网
42:微信宣传页
48:自定义回复
50:微调研
91:微邀约
97:微抢答
100:通用表单
106:微信红包
107:竞猜
108:微贺卡
110:实物奖励
126:开发者工具箱
128:微名片
130:自动回复
133:支付通
134:投票
137:评论互动
140:没回答的回复
141:工作授权
142:优惠券
143:帮拆礼包
144:会员卡
145:签到
146:微预约
151:短信服务
152:微考试
153:微测试
162:微社区
163:扫码管理
156:比赛抽奖
164:一键绑定公众号
' WHERE `name` = 'addon_status' [ RunTime:0.0323s ]

[ 2016-06-30T12:23:15+08:00 ] 118.132.120.53 /php/weiphp3/index.php?s=/Admin/Public/login.html
INFO: [ app_init ] --START--
INFO: Run Behavior\BuildLiteBehavior [ RunTime:0.000025s ]
INFO: Run Common\Behavior\InitHookBehavior [ RunTime:0.006697s ]
INFO: [ app_init ] --END-- [ RunTime:0.007933s ]
INFO: [ app_begin ] --START--
INFO: Run Behavior\ReadHtmlCacheBehavior [ RunTime:0.001126s ]
INFO: [ app_begin ] --END-- [ RunTime:0.001230s ]
NOTIC: [8] Undefined index: uid C:\www\php\weiphp3\ThinkPHP\Library\Think\Controller.class.php 第 529 行.
SQL: SHOW COLUMNS FROM `wp_auth_group_access` [ RunTime:0.0017s ]
SQL: SELECT a.uid,a.group_id,g.title,g.rules FROM wp_auth_group_access a INNER JOIN wp_auth_group g on a.group_id=g.id  WHERE ( a.uid='-271' and g.status='1' )  [ RunTime:0.0003s ]
SQL: SELECT `id`,`token` FROM `wp_public`  [ RunTime:0.0003s ]
NOTIC: [8] Undefined index: -1 C:\www\php\weiphp3\Application\Common\Model\PublicModel.class.php 第 38 行.
NOTIC: [8] Undefined index: addon_status C:\www\php\weiphp3\Application\Common\Model\AddonStatusModel.class.php 第 47 行.
NOTIC: [8] Undefined index: group_id C:\www\php\weiphp3\Application\Common\Model\AddonStatusModel.class.php 第 50 行.
NOTIC: [8] Undefined variable: addons C:\www\php\weiphp3\Application\Common\Common\function.php 第 501 行.
NOTIC: [8] Undefined variable: addons C:\www\php\weiphp3\Application\Common\Common\function.php 第 501 行.
NOTIC: [8] Undefined variable: addons C:\www\php\weiphp3\Application\Common\Common\function.php 第 501 行.
NOTIC: [8] Undefined variable: addons C:\www\php\weiphp3\Application\Common\Common\function.php 第 501 行.
NOTIC: [8] Undefined variable: addons C:\www\php\weiphp3\Application\Common\Common\function.php 第 501 行.
NOTIC: [8] Undefined variable: addons C:\www\php\weiphp3\Application\Common\Common\function.php 第 501 行.
NOTIC: [8] Undefined variable: addons C:\www\php\weiphp3\Application\Common\Common\function.php 第 501 行.
NOTIC: [8] Undefined variable: addons C:\www\php\weiphp3\Application\Common\Common\function.php 第 501 行.
NOTIC: [8] Undefined variable: addons C:\www\php\weiphp3\Application\Common\Common\function.php 第 501 行.
NOTIC: [8] Undefined variable: addons C:\www\php\weiphp3\Application\Common\Common\function.php 第 501 行.
NOTIC: [8] Undefined variable: addons C:\www\php\weiphp3\Application\Common\Common\function.php 第 501 行.
NOTIC: [8] Undefined variable: addons C:\www\php\weiphp3\Application\Common\Common\function.php 第 501 行.
NOTIC: [8] Undefined variable: addons C:\www\php\weiphp3\Application\Common\Common\function.php 第 501 行.
NOTIC: [8] Undefined variable: addons C:\www\php\weiphp3\Application\Common\Common\function.php 第 501 行.
NOTIC: [8] Undefined variable: addons C:\www\php\weiphp3\Application\Common\Common\function.php 第 501 行.
NOTIC: [8] Undefined variable: addons C:\www\php\weiphp3\Application\Common\Common\function.php 第 501 行.
NOTIC: [8] Undefined variable: addons C:\www\php\weiphp3\Application\Common\Common\function.php 第 501 行.
NOTIC: [8] Undefined variable: addons C:\www\php\weiphp3\Application\Common\Common\function.php 第 501 行.
NOTIC: [8] Undefined variable: addons C:\www\php\weiphp3\Application\Common\Common\function.php 第 501 行.
NOTIC: [8] Undefined variable: addons C:\www\php\weiphp3\Application\Common\Common\function.php 第 501 行.
NOTIC: [8] Undefined variable: addons C:\www\php\weiphp3\Application\Common\Common\function.php 第 501 行.
NOTIC: [8] Undefined variable: addons C:\www\php\weiphp3\Application\Common\Common\function.php 第 501 行.
NOTIC: [8] Undefined variable: addons C:\www\php\weiphp3\Application\Common\Common\function.php 第 501 行.
NOTIC: [8] Undefined variable: addons C:\www\php\weiphp3\Application\Common\Common\function.php 第 501 行.
NOTIC: [8] Undefined variable: addons C:\www\php\weiphp3\Application\Common\Common\function.php 第 501 行.
NOTIC: [8] Undefined variable: addons C:\www\php\weiphp3\Application\Common\Common\function.php 第 501 行.
NOTIC: [8] Undefined variable: addons C:\www\php\weiphp3\Application\Common\Common\function.php 第 501 行.
NOTIC: [8] Undefined variable: addons C:\www\php\weiphp3\Application\Common\Common\function.php 第 501 行.
NOTIC: [8] Undefined variable: addons C:\www\php\weiphp3\Application\Common\Common\function.php 第 501 行.
NOTIC: [8] Undefined variable: addons C:\www\php\weiphp3\Application\Common\Common\function.php 第 501 行.
NOTIC: [8] Undefined variable: addons C:\www\php\weiphp3\Application\Common\Common\function.php 第 501 行.
NOTIC: [8] Undefined variable: addons C:\www\php\weiphp3\Application\Common\Common\function.php 第 501 行.
NOTIC: [8] Undefined variable: addons C:\www\php\weiphp3\Application\Common\Common\function.php 第 501 行.
NOTIC: [8] Undefined variable: addons C:\www\php\weiphp3\Application\Common\Common\function.php 第 501 行.
NOTIC: [8] Undefined variable: addons C:\www\php\weiphp3\Application\Common\Common\function.php 第 501 行.
NOTIC: [8] Undefined variable: addons C:\www\php\weiphp3\Application\Common\Common\function.php 第 501 行.
NOTIC: [8] Undefined variable: addons C:\www\php\weiphp3\Application\Common\Common\function.php 第 501 行.
SQL: SELECT * FROM `wp_manager_menu` WHERE `uid` = -271 AND `is_hide` = 0 ORDER BY sort asc, id asc  [ RunTime:0.0004s ]
SQL: SELECT * FROM `wp_manager_menu` WHERE `uid` = 1 AND `is_hide` = 0 ORDER BY sort asc, id asc  [ RunTime:0.0008s ]
NOTIC: [8] Undefined variable: addons C:\www\php\weiphp3\Application\Common\Common\function.php 第 501 行.
NOTIC: [8] Undefined variable: addons C:\www\php\weiphp3\Application\Common\Common\function.php 第 501 行.
NOTIC: [8] Undefined variable: addons C:\www\php\weiphp3\Application\Common\Common\function.php 第 501 行.
NOTIC: [8] Undefined variable: addons C:\www\php\weiphp3\Application\Common\Common\function.php 第 501 行.
NOTIC: [8] Undefined variable: addons C:\www\php\weiphp3\Application\Common\Common\function.php 第 501 行.
NOTIC: [8] Undefined variable: addons C:\www\php\weiphp3\Application\Common\Common\function.php 第 501 行.
NOTIC: [8] Undefined variable: addons C:\www\php\weiphp3\Application\Common\Common\function.php 第 501 行.
NOTIC: [8] Undefined variable: addons C:\www\php\weiphp3\Application\Common\Common\function.php 第 501 行.
NOTIC: [8] Undefined variable: addons C:\www\php\weiphp3\Application\Common\Common\function.php 第 501 行.
NOTIC: [8] Undefined index: 14 C:\www\php\weiphp3\Application\Common\Model\ManagerMenuModel.class.php 第 106 行.
NOTIC: [8] Undefined index: 14 C:\www\php\weiphp3\Application\Common\Model\ManagerMenuModel.class.php 第 116 行.
NOTIC: [8] Undefined index: 60 C:\www\php\weiphp3\Application\Common\Model\ManagerMenuModel.class.php 第 106 行.
NOTIC: [8] Undefined index: 60 C:\www\php\weiphp3\Application\Common\Model\ManagerMenuModel.class.php 第 116 行.
NOTIC: [8] Undefined index: HTTP_REFERER C:\www\php\weiphp3\Application\Common\Model\ManagerMenuModel.class.php 第 139 行.
NOTIC: [8] Undefined index: side C:\www\php\weiphp3\Application\Common\Model\ManagerMenuModel.class.php 第 179 行.
NOTIC: [8] Undefined index: side C:\www\php\weiphp3\Application\Common\Model\ManagerMenuModel.class.php 第 179 行.
NOTIC: [8] Undefined index: side C:\www\php\weiphp3\Application\Common\Model\ManagerMenuModel.class.php 第 179 行.
NOTIC: [8] Undefined index: side C:\www\php\weiphp3\Application\Common\Model\ManagerMenuModel.class.php 第 179 行.
NOTIC: [8] Undefined index: side C:\www\php\weiphp3\Application\Common\Model\ManagerMenuModel.class.php 第 179 行.
NOTIC: [8] Undefined index: side C:\www\php\weiphp3\Application\Common\Model\ManagerMenuModel.class.php 第 179 行.
NOTIC: [8] Undefined index: side C:\www\php\weiphp3\Application\Common\Model\ManagerMenuModel.class.php 第 179 行.
NOTIC: [8] Undefined index: side C:\www\php\weiphp3\Application\Common\Model\ManagerMenuModel.class.php 第 179 行.
NOTIC: [8] Undefined index: side C:\www\php\weiphp3\Application\Common\Model\ManagerMenuModel.class.php 第 179 行.
NOTIC: [8] Undefined index: side C:\www\php\weiphp3\Application\Common\Model\ManagerMenuModel.class.php 第 179 行.
NOTIC: [8] Undefined index: side C:\www\php\weiphp3\Application\Common\Model\ManagerMenuModel.class.php 第 179 行.
NOTIC: [8] Undefined index: side C:\www\php\weiphp3\Application\Common\Model\ManagerMenuModel.class.php 第 179 行.
NOTIC: [8] Undefined index: side C:\www\php\weiphp3\Application\Common\Model\ManagerMenuModel.class.php 第 179 行.
NOTIC: [8] Undefined index: side C:\www\php\weiphp3\Application\Common\Model\ManagerMenuModel.class.php 第 179 行.
NOTIC: [8] Undefined index: side C:\www\php\weiphp3\Application\Common\Model\ManagerMenuModel.class.php 第 179 行.
NOTIC: [8] Undefined index: side C:\www\php\weiphp3\Application\Common\Model\ManagerMenuModel.class.php 第 179 行.
NOTIC: [8] Undefined index: side C:\www\php\weiphp3\Application\Common\Model\ManagerMenuModel.class.php 第 179 行.
NOTIC: [8] Undefined index: side C:\www\php\weiphp3\Application\Common\Model\ManagerMenuModel.class.php 第 179 行.
NOTIC: [8] Undefined index: side C:\www\php\weiphp3\Application\Common\Model\ManagerMenuModel.class.php 第 179 行.
NOTIC: [8] Undefined index: side C:\www\php\weiphp3\Application\Common\Model\ManagerMenuModel.class.php 第 179 行.
NOTIC: [8] Undefined index: side C:\www\php\weiphp3\Application\Common\Model\ManagerMenuModel.class.php 第 179 行.
NOTIC: [8] Undefined index: side C:\www\php\weiphp3\Application\Common\Model\ManagerMenuModel.class.php 第 179 行.
NOTIC: [8] Undefined index: side C:\www\php\weiphp3\Application\Common\Model\ManagerMenuModel.class.php 第 179 行.
NOTIC: [8] Undefined index: side C:\www\php\weiphp3\Application\Common\Model\ManagerMenuModel.class.php 第 179 行.
NOTIC: [8] Undefined index: side C:\www\php\weiphp3\Application\Common\Model\ManagerMenuModel.class.php 第 179 行.
NOTIC: [8] Undefined index: side C:\www\php\weiphp3\Application\Common\Model\ManagerMenuModel.class.php 第 179 行.
NOTIC: [8] Undefined index: side C:\www\php\weiphp3\Application\Common\Model\ManagerMenuModel.class.php 第 179 行.
NOTIC: [8] Undefined index: side C:\www\php\weiphp3\Application\Common\Model\ManagerMenuModel.class.php 第 179 行.
NOTIC: [8] Undefined index: side C:\www\php\weiphp3\Application\Common\Model\ManagerMenuModel.class.php 第 179 行.
NOTIC: [8] Undefined index: side C:\www\php\weiphp3\Application\Common\Model\ManagerMenuModel.class.php 第 179 行.
NOTIC: [8] Undefined index: side C:\www\php\weiphp3\Application\Common\Model\ManagerMenuModel.class.php 第 179 行.
NOTIC: [8] Undefined index: side C:\www\php\weiphp3\Application\Common\Model\ManagerMenuModel.class.php 第 179 行.
NOTIC: [8] Undefined index: side C:\www\php\weiphp3\Application\Common\Model\ManagerMenuModel.class.php 第 179 行.
NOTIC: [8] Undefined index: side C:\www\php\weiphp3\Application\Common\Model\ManagerMenuModel.class.php 第 179 行.
NOTIC: [8] Undefined index: side C:\www\php\weiphp3\Application\Common\Model\ManagerMenuModel.class.php 第 179 行.
NOTIC: [8] Undefined index: side C:\www\php\weiphp3\Application\Common\Model\ManagerMenuModel.class.php 第 179 行.
NOTIC: [8] Undefined index: side C:\www\php\weiphp3\Application\Common\Model\ManagerMenuModel.class.php 第 179 行.
NOTIC: [8] Undefined index: side C:\www\php\weiphp3\Application\Common\Model\ManagerMenuModel.class.php 第 179 行.
NOTIC: [8] Undefined index: side C:\www\php\weiphp3\Application\Common\Model\ManagerMenuModel.class.php 第 179 行.
NOTIC: [8] Undefined index: side C:\www\php\weiphp3\Application\Common\Model\ManagerMenuModel.class.php 第 179 行.
NOTIC: [8] Undefined index: side C:\www\php\weiphp3\Application\Common\Model\ManagerMenuModel.class.php 第 179 行.
NOTIC: [8] Undefined offset: 14 C:\www\php\weiphp3\Application\Common\Model\ManagerMenuModel.class.php 第 185 行.
SQL: SELECT * FROM `wp_public_link` WHERE `uid` = -271  [ RunTime:0.0002s ]
NOTIC: [2] Invalid argument supplied for foreach() C:\www\php\weiphp3\Application\Common\Model\PublicModel.class.php 第 48 行.
NOTIC: [8] Undefined variable: res C:\www\php\weiphp3\Application\Common\Model\PublicModel.class.php 第 52 行.
INFO: [ view_parse ] --START--
INFO: [ template_filter ] --START--
INFO: Run Behavior\ContentReplaceBehavior [ RunTime:0.000115s ]
INFO: [ template_filter ] --END-- [ RunTime:0.000209s ]
INFO: Run Behavior\ParseTemplateBehavior [ RunTime:0.012351s ]
INFO: [ view_parse ] --END-- [ RunTime:0.012443s ]
INFO: [ view_filter ] --START--
INFO: Run Behavior\WriteHtmlCacheBehavior [ RunTime:0.001158s ]
INFO: [ view_filter ] --END-- [ RunTime:0.001238s ]
INFO: [ app_end ] --START--
INFO: Run Behavior\ShowPageTraceBehavior [ RunTime:0.001386s ]
INFO: [ app_end ] --END-- [ RunTime:0.001470s ]

[ 2016-06-30T12:23:17+08:00 ] 118.132.120.53 /php/weiphp3/index.php?s=/Admin/Public/login.html
INFO: [ app_init ] --START--
INFO: Run Behavior\BuildLiteBehavior [ RunTime:0.000026s ]
INFO: Run Common\Behavior\InitHookBehavior [ RunTime:0.006749s ]
INFO: [ app_init ] --END-- [ RunTime:0.008043s ]
INFO: [ app_begin ] --START--
INFO: Run Behavior\ReadHtmlCacheBehavior [ RunTime:0.001399s ]
INFO: [ app_begin ] --END-- [ RunTime:0.001475s ]
NOTIC: [8] Undefined index: uid C:\www\php\weiphp3\ThinkPHP\Library\Think\Controller.class.php 第 529 行.
SQL: SELECT `uid`,`nickname`,`password`,`truename`,`mobile`,`email`,`sex`,`headimgurl`,`city`,`province`,`country`,`language`,`score`,`experience`,`unionid`,`login_count`,`reg_ip`,`reg_time`,`last_login_ip`,`last_login_time`,`status`,`is_init`,`is_audit`,`subscribe_time`,`remark`,`groupid`,`come_from`,`login_name`,`login_password`,`manager_id`,`level`,`membership` FROM `wp_user` WHERE `login_name` = 'Administrator' LIMIT 1   [ RunTime:0.0263s ]
SQL: SELECT * FROM `wp_action` WHERE `name` = 'admin_login' LIMIT 1   [ RunTime:0.0341s ]
SQL: SELECT * FROM `wp_user` WHERE `uid` = 1 LIMIT 1   [ RunTime:0.0005s ]
SQL: SELECT `uid`,`has_public`,`headface_url`,`GammaAppId`,`GammaSecret`,`copy_right`,`tongji_code`,`website_logo` FROM `wp_manager` WHERE ( uid='1' ) LIMIT 1   [ RunTime:0.0020s ]
SQL: SHOW COLUMNS FROM `wp_auth_group_access` [ RunTime:0.0015s ]
SQL: SELECT a.group_id,g.title,g.type,g.icon FROM wp_auth_group_access a INNER JOIN wp_auth_group g on a.group_id=g.id  WHERE ( a.uid='1' and g.status='1' )  [ RunTime:0.0012s ]
SQL: SELECT `openid`,`token`,`uid`,`has_subscribe`,`syc_status`,`remark` FROM `wp_public_follow` WHERE ( uid='1' )  [ RunTime:0.0017s ]
NOTIC: [2] Invalid argument supplied for foreach() C:\www\php\weiphp3\Application\Common\Model\UserModel.class.php 第 251 行.
NOTIC: [8] Undefined index:  C:\www\php\weiphp3\Application\Common\Model\UserModel.class.php 第 271 行.
NOTIC: [8] Undefined index:  C:\www\php\weiphp3\Application\Common\Model\UserModel.class.php 第 272 行.
NOTIC: [8] Undefined variable: txt C:\www\php\weiphp3\Application\Common\Common\function.php 第 3299 行.
SQL: SELECT `tag_id` FROM `wp_user_tag_link` WHERE `uid` = 1  [ RunTime:0.0022s ]
SQL: INSERT INTO `wp_action_log` (`action_id`,`user_id`,`action_ip`,`model`,`record_id`,`create_time`,`remark`) VALUES ('12','1','1988393013','user','1','1467260596','阿追(J)在2016-06-30 12:23登录了后台') [ RunTime:0.0033s ]
SQL: UPDATE `wp_user` SET `login_count`=`login_count`+1,`last_login_time`='1467260596',`last_login_ip`='1988393013' WHERE `uid` = 1 [ RunTime:0.0003s ]

[ 2016-06-30T12:23:17+08:00 ] 118.132.120.53 /php/weiphp3/index.php?s=/Admin/Index/index.html
INFO: [ app_init ] --START--
INFO: Run Behavior\BuildLiteBehavior [ RunTime:0.000025s ]
INFO: Run Common\Behavior\InitHookBehavior [ RunTime:0.004842s ]
INFO: [ app_init ] --END-- [ RunTime:0.005947s ]
INFO: [ app_begin ] --START--
INFO: Run Behavior\ReadHtmlCacheBehavior [ RunTime:0.001265s ]
INFO: [ app_begin ] --END-- [ RunTime:0.001350s ]
NOTIC: [8] Undefined index: uid C:\www\php\weiphp3\ThinkPHP\Library\Think\Controller.class.php 第 529 行.
SQL: SELECT `id`,`token` FROM `wp_public`  [ RunTime:0.0003s ]
NOTIC: [8] Undefined index: -1 C:\www\php\weiphp3\Application\Common\Model\PublicModel.class.php 第 38 行.
NOTIC: [8] Undefined index: addon_status C:\www\php\weiphp3\Application\Common\Model\AddonStatusModel.class.php 第 47 行.
NOTIC: [8] Undefined index: group_id C:\www\php\weiphp3\Application\Common\Model\AddonStatusModel.class.php 第 50 行.
NOTIC: [8] Undefined variable: addons C:\www\php\weiphp3\Application\Common\Common\function.php 第 501 行.
NOTIC: [8] Undefined variable: addons C:\www\php\weiphp3\Application\Common\Common\function.php 第 501 行.
NOTIC: [8] Undefined variable: addons C:\www\php\weiphp3\Application\Common\Common\function.php 第 501 行.
NOTIC: [8] Undefined variable: addons C:\www\php\weiphp3\Application\Common\Common\function.php 第 501 行.
NOTIC: [8] Undefined variable: addons C:\www\php\weiphp3\Application\Common\Common\function.php 第 501 行.
NOTIC: [8] Undefined variable: addons C:\www\php\weiphp3\Application\Common\Common\function.php 第 501 行.
NOTIC: [8] Undefined variable: addons C:\www\php\weiphp3\Application\Common\Common\function.php 第 501 行.
NOTIC: [8] Undefined variable: addons C:\www\php\weiphp3\Application\Common\Common\function.php 第 501 行.
NOTIC: [8] Undefined variable: addons C:\www\php\weiphp3\Application\Common\Common\function.php 第 501 行.
NOTIC: [8] Undefined variable: addons C:\www\php\weiphp3\Application\Common\Common\function.php 第 501 行.
NOTIC: [8] Undefined variable: addons C:\www\php\weiphp3\Application\Common\Common\function.php 第 501 行.
NOTIC: [8] Undefined variable: addons C:\www\php\weiphp3\Application\Common\Common\function.php 第 501 行.
NOTIC: [8] Undefined variable: addons C:\www\php\weiphp3\Application\Common\Common\function.php 第 501 行.
NOTIC: [8] Undefined variable: addons C:\www\php\weiphp3\Application\Common\Common\function.php 第 501 行.
NOTIC: [8] Undefined variable: addons C:\www\php\weiphp3\Application\Common\Common\function.php 第 501 行.
NOTIC: [8] Undefined variable: addons C:\www\php\weiphp3\Application\Common\Common\function.php 第 501 行.
NOTIC: [8] Undefined variable: addons C:\www\php\weiphp3\Application\Common\Common\function.php 第 501 行.
NOTIC: [8] Undefined variable: addons C:\www\php\weiphp3\Application\Common\Common\function.php 第 501 行.
NOTIC: [8] Undefined variable: addons C:\www\php\weiphp3\Application\Common\Common\function.php 第 501 行.
NOTIC: [8] Undefined variable: addons C:\www\php\weiphp3\Application\Common\Common\function.php 第 501 行.
NOTIC: [8] Undefined variable: addons C:\www\php\weiphp3\Application\Common\Common\function.php 第 501 行.
NOTIC: [8] Undefined variable: addons C:\www\php\weiphp3\Application\Common\Common\function.php 第 501 行.
NOTIC: [8] Undefined variable: addons C:\www\php\weiphp3\Application\Common\Common\function.php 第 501 行.
NOTIC: [8] Undefined variable: addons C:\www\php\weiphp3\Application\Common\Common\function.php 第 501 行.
NOTIC: [8] Undefined variable: addons C:\www\php\weiphp3\Application\Common\Common\function.php 第 501 行.
NOTIC: [8] Undefined variable: addons C:\www\php\weiphp3\Application\Common\Common\function.php 第 501 行.
NOTIC: [8] Undefined variable: addons C:\www\php\weiphp3\Application\Common\Common\function.php 第 501 行.
NOTIC: [8] Undefined variable: addons C:\www\php\weiphp3\Application\Common\Common\function.php 第 501 行.
NOTIC: [8] Undefined variable: addons C:\www\php\weiphp3\Application\Common\Common\function.php 第 501 行.
NOTIC: [8] Undefined variable: addons C:\www\php\weiphp3\Application\Common\Common\function.php 第 501 行.
NOTIC: [8] Undefined variable: addons C:\www\php\weiphp3\Application\Common\Common\function.php 第 501 行.
NOTIC: [8] Undefined variable: addons C:\www\php\weiphp3\Application\Common\Common\function.php 第 501 行.
NOTIC: [8] Undefined variable: addons C:\www\php\weiphp3\Application\Common\Common\function.php 第 501 行.
NOTIC: [8] Undefined variable: addons C:\www\php\weiphp3\Application\Common\Common\function.php 第 501 行.
NOTIC: [8] Undefined variable: addons C:\www\php\weiphp3\Application\Common\Common\function.php 第 501 行.
NOTIC: [8] Undefined variable: addons C:\www\php\weiphp3\Application\Common\Common\function.php 第 501 行.
NOTIC: [8] Undefined variable: addons C:\www\php\weiphp3\Application\Common\Common\function.php 第 501 行.
SQL: SELECT * FROM `wp_manager_menu` WHERE `uid` = 1 AND `is_hide` = 0 ORDER BY sort asc, id asc  [ RunTime:0.0008s ]
NOTIC: [8] Undefined variable: addons C:\www\php\weiphp3\Application\Common\Common\function.php 第 501 行.
NOTIC: [8] Undefined variable: addons C:\www\php\weiphp3\Application\Common\Common\function.php 第 501 行.
NOTIC: [8] Undefined variable: addons C:\www\php\weiphp3\Application\Common\Common\function.php 第 501 行.
NOTIC: [8] Undefined variable: addons C:\www\php\weiphp3\Application\Common\Common\function.php 第 501 行.
NOTIC: [8] Undefined variable: addons C:\www\php\weiphp3\Application\Common\Common\function.php 第 501 行.
NOTIC: [8] Undefined variable: addons C:\www\php\weiphp3\Application\Common\Common\function.php 第 501 行.
NOTIC: [8] Undefined variable: addons C:\www\php\weiphp3\Application\Common\Common\function.php 第 501 行.
NOTIC: [8] Undefined variable: addons C:\www\php\weiphp3\Application\Common\Common\function.php 第 501 行.
NOTIC: [8] Undefined variable: addons C:\www\php\weiphp3\Application\Common\Common\function.php 第 501 行.
NOTIC: [8] Undefined index: 14 C:\www\php\weiphp3\Application\Common\Model\ManagerMenuModel.class.php 第 106 行.
NOTIC: [8] Undefined index: 14 C:\www\php\weiphp3\Application\Common\Model\ManagerMenuModel.class.php 第 116 行.
NOTIC: [8] Undefined index: 60 C:\www\php\weiphp3\Application\Common\Model\ManagerMenuModel.class.php 第 106 行.
NOTIC: [8] Undefined index: 60 C:\www\php\weiphp3\Application\Common\Model\ManagerMenuModel.class.php 第 116 行.
NOTIC: [8] Undefined index: side C:\www\php\weiphp3\Application\Common\Model\ManagerMenuModel.class.php 第 179 行.
NOTIC: [8] Undefined index: side C:\www\php\weiphp3\Application\Common\Model\ManagerMenuModel.class.php 第 179 行.
NOTIC: [8] Undefined index: side C:\www\php\weiphp3\Application\Common\Model\ManagerMenuModel.class.php 第 179 行.
NOTIC: [8] Undefined index: side C:\www\php\weiphp3\Application\Common\Model\ManagerMenuModel.class.php 第 179 行.
NOTIC: [8] Undefined index: side C:\www\php\weiphp3\Application\Common\Model\ManagerMenuModel.class.php 第 179 行.
NOTIC: [8] Undefined index: side C:\www\php\weiphp3\Application\Common\Model\ManagerMenuModel.class.php 第 179 行.
NOTIC: [8] Undefined index: side C:\www\php\weiphp3\Application\Common\Model\ManagerMenuModel.class.php 第 179 行.
NOTIC: [8] Undefined index: side C:\www\php\weiphp3\Application\Common\Model\ManagerMenuModel.class.php 第 179 行.
NOTIC: [8] Undefined index: side C:\www\php\weiphp3\Application\Common\Model\ManagerMenuModel.class.php 第 179 行.
NOTIC: [8] Undefined index: side C:\www\php\weiphp3\Application\Common\Model\ManagerMenuModel.class.php 第 179 行.
NOTIC: [8] Undefined index: side C:\www\php\weiphp3\Application\Common\Model\ManagerMenuModel.class.php 第 179 行.
NOTIC: [8] Undefined index: side C:\www\php\weiphp3\Application\Common\Model\ManagerMenuModel.class.php 第 179 行.
NOTIC: [8] Undefined index: side C:\www\php\weiphp3\Application\Common\Model\ManagerMenuModel.class.php 第 179 行.
NOTIC: [8] Undefined index: side C:\www\php\weiphp3\Application\Common\Model\ManagerMenuModel.class.php 第 179 行.
NOTIC: [8] Undefined index: side C:\www\php\weiphp3\Application\Common\Model\ManagerMenuModel.class.php 第 179 行.
NOTIC: [8] Undefined index: side C:\www\php\weiphp3\Application\Common\Model\ManagerMenuModel.class.php 第 179 行.
NOTIC: [8] Undefined index: side C:\www\php\weiphp3\Application\Common\Model\ManagerMenuModel.class.php 第 179 行.
NOTIC: [8] Undefined index: side C:\www\php\weiphp3\Application\Common\Model\ManagerMenuModel.class.php 第 179 行.
NOTIC: [8] Undefined index: side C:\www\php\weiphp3\Application\Common\Model\ManagerMenuModel.class.php 第 179 行.
NOTIC: [8] Undefined index: side C:\www\php\weiphp3\Application\Common\Model\ManagerMenuModel.class.php 第 179 行.
NOTIC: [8] Undefined index: side C:\www\php\weiphp3\Application\Common\Model\ManagerMenuModel.class.php 第 179 行.
NOTIC: [8] Undefined index: side C:\www\php\weiphp3\Application\Common\Model\ManagerMenuModel.class.php 第 179 行.
NOTIC: [8] Undefined index: side C:\www\php\weiphp3\Application\Common\Model\ManagerMenuModel.class.php 第 179 行.
NOTIC: [8] Undefined index: side C:\www\php\weiphp3\Application\Common\Model\ManagerMenuModel.class.php 第 179 行.
NOTIC: [8] Undefined index: side C:\www\php\weiphp3\Application\Common\Model\ManagerMenuModel.class.php 第 179 行.
NOTIC: [8] Undefined index: side C:\www\php\weiphp3\Application\Common\Model\ManagerMenuModel.class.php 第 179 行.
NOTIC: [8] Undefined index: side C:\www\php\weiphp3\Application\Common\Model\ManagerMenuModel.class.php 第 179 行.
NOTIC: [8] Undefined index: side C:\www\php\weiphp3\Application\Common\Model\ManagerMenuModel.class.php 第 179 行.
NOTIC: [8] Undefined index: side C:\www\php\weiphp3\Application\Common\Model\ManagerMenuModel.class.php 第 179 行.
NOTIC: [8] Undefined index: side C:\www\php\weiphp3\Application\Common\Model\ManagerMenuModel.class.php 第 179 行.
NOTIC: [8] Undefined index: side C:\www\php\weiphp3\Application\Common\Model\ManagerMenuModel.class.php 第 179 行.
NOTIC: [8] Undefined index: side C:\www\php\weiphp3\Application\Common\Model\ManagerMenuModel.class.php 第 179 行.
NOTIC: [8] Undefined index: side C:\www\php\weiphp3\Application\Common\Model\ManagerMenuModel.class.php 第 179 行.
NOTIC: [8] Undefined index: side C:\www\php\weiphp3\Application\Common\Model\ManagerMenuModel.class.php 第 179 行.
NOTIC: [8] Undefined index: side C:\www\php\weiphp3\Application\Common\Model\ManagerMenuModel.class.php 第 179 行.
NOTIC: [8] Undefined index: side C:\www\php\weiphp3\Application\Common\Model\ManagerMenuModel.class.php 第 179 行.
NOTIC: [8] Undefined index: side C:\www\php\weiphp3\Application\Common\Model\ManagerMenuModel.class.php 第 179 行.
NOTIC: [8] Undefined index: side C:\www\php\weiphp3\Application\Common\Model\ManagerMenuModel.class.php 第 179 行.
NOTIC: [8] Undefined index: side C:\www\php\weiphp3\Application\Common\Model\ManagerMenuModel.class.php 第 179 行.
NOTIC: [8] Undefined index: side C:\www\php\weiphp3\Application\Common\Model\ManagerMenuModel.class.php 第 179 行.
NOTIC: [8] Undefined index: side C:\www\php\weiphp3\Application\Common\Model\ManagerMenuModel.class.php 第 179 行.
NOTIC: [8] Undefined offset: 14 C:\www\php\weiphp3\Application\Common\Model\ManagerMenuModel.class.php 第 185 行.
SQL: SELECT * FROM `wp_public_link` WHERE `uid` = 1  [ RunTime:0.0002s ]
SQL: SELECT `id`,`title` FROM `wp_addons` WHERE `status` = 1  [ RunTime:0.0006s ]
SQL: UPDATE `wp_attribute` SET `extra`='111:帐号配置
93:互动游戏
18:欢迎语
19:微信用户中心
56:自定义菜单
101:微信卡券
39:微官网
42:微信宣传页
48:自定义回复
50:微调研
91:微邀约
97:微抢答
100:通用表单
106:微信红包
107:竞猜
108:微贺卡
110:实物奖励
126:开发者工具箱
128:微名片
130:自动回复
133:支付通
134:投票
137:评论互动
140:没回答的回复
141:工作授权
142:优惠券
143:帮拆礼包
144:会员卡
145:签到
146:微预约
151:短信服务
152:微考试
153:微测试
162:微社区
163:扫码管理
156:比赛抽奖
164:一键绑定公众号
' WHERE `name` = 'addon_status' [ RunTime:0.0052s ]
SQL: SELECT `id`,`title`,`url` FROM `wp_menu` WHERE `pid` = 0 AND `hide` = 0 AND `is_dev` = 0 ORDER BY sort asc  [ RunTime:0.0113s ]
SQL: SELECT `pid` FROM `wp_menu` WHERE ( pid !=0 AND url like '%Index/index%' ) LIMIT 1   [ RunTime:0.0003s ]

[ 2016-06-30T12:23:17+08:00 ] 118.132.120.53 /php/weiphp3/index.php?s=/Admin/Config/group.html
INFO: [ app_init ] --START--
INFO: Run Behavior\BuildLiteBehavior [ RunTime:0.000025s ]
INFO: Run Common\Behavior\InitHookBehavior [ RunTime:0.005479s ]
INFO: [ app_init ] --END-- [ RunTime:0.006650s ]
INFO: [ app_begin ] --START--
INFO: Run Behavior\ReadHtmlCacheBehavior [ RunTime:0.001683s ]
INFO: [ app_begin ] --END-- [ RunTime:0.001766s ]
NOTIC: [8] Undefined index: uid C:\www\php\weiphp3\ThinkPHP\Library\Think\Controller.class.php 第 529 行.
SQL: SELECT `id`,`token` FROM `wp_public`  [ RunTime:0.0003s ]
NOTIC: [8] Undefined index: -1 C:\www\php\weiphp3\Application\Common\Model\PublicModel.class.php 第 38 行.
NOTIC: [8] Undefined index: addon_status C:\www\php\weiphp3\Application\Common\Model\AddonStatusModel.class.php 第 47 行.
NOTIC: [8] Undefined index: group_id C:\www\php\weiphp3\Application\Common\Model\AddonStatusModel.class.php 第 50 行.
NOTIC: [8] Undefined variable: addons C:\www\php\weiphp3\Application\Common\Common\function.php 第 501 行.
NOTIC: [8] Undefined variable: addons C:\www\php\weiphp3\Application\Common\Common\function.php 第 501 行.
NOTIC: [8] Undefined variable: addons C:\www\php\weiphp3\Application\Common\Common\function.php 第 501 行.
NOTIC: [8] Undefined variable: addons C:\www\php\weiphp3\Application\Common\Common\function.php 第 501 行.
NOTIC: [8] Undefined variable: addons C:\www\php\weiphp3\Application\Common\Common\function.php 第 501 行.
NOTIC: [8] Undefined variable: addons C:\www\php\weiphp3\Application\Common\Common\function.php 第 501 行.
NOTIC: [8] Undefined variable: addons C:\www\php\weiphp3\Application\Common\Common\function.php 第 501 行.
NOTIC: [8] Undefined variable: addons C:\www\php\weiphp3\Application\Common\Common\function.php 第 501 行.
NOTIC: [8] Undefined variable: addons C:\www\php\weiphp3\Application\Common\Common\function.php 第 501 行.
NOTIC: [8] Undefined variable: addons C:\www\php\weiphp3\Application\Common\Common\function.php 第 501 行.
NOTIC: [8] Undefined variable: addons C:\www\php\weiphp3\Application\Common\Common\function.php 第 501 行.
NOTIC: [8] Undefined variable: addons C:\www\php\weiphp3\Application\Common\Common\function.php 第 501 行.
NOTIC: [8] Undefined variable: addons C:\www\php\weiphp3\Application\Common\Common\function.php 第 501 行.
NOTIC: [8] Undefined variable: addons C:\www\php\weiphp3\Application\Common\Common\function.php 第 501 行.
NOTIC: [8] Undefined variable: addons C:\www\php\weiphp3\Application\Common\Common\function.php 第 501 行.
NOTIC: [8] Undefined variable: addons C:\www\php\weiphp3\Application\Common\Common\function.php 第 501 行.
NOTIC: [8] Undefined variable: addons C:\www\php\weiphp3\Application\Common\Common\function.php 第 501 行.
NOTIC: [8] Undefined variable: addons C:\www\php\weiphp3\Application\Common\Common\function.php 第 501 行.
NOTIC: [8] Undefined variable: addons C:\www\php\weiphp3\Application\Common\Common\function.php 第 501 行.
NOTIC: [8] Undefined variable: addons C:\www\php\weiphp3\Application\Common\Common\function.php 第 501 行.
NOTIC: [8] Undefined variable: addons C:\www\php\weiphp3\Application\Common\Common\function.php 第 501 行.
NOTIC: [8] Undefined variable: addons C:\www\php\weiphp3\Application\Common\Common\function.php 第 501 行.
NOTIC: [8] Undefined variable: addons C:\www\php\weiphp3\Application\Common\Common\function.php 第 501 行.
NOTIC: [8] Undefined variable: addons C:\www\php\weiphp3\Application\Common\Common\function.php 第 501 行.
NOTIC: [8] Undefined variable: addons C:\www\php\weiphp3\Application\Common\Common\function.php 第 501 行.
NOTIC: [8] Undefined variable: addons C:\www\php\weiphp3\Application\Common\Common\function.php 第 501 行.
NOTIC: [8] Undefined variable: addons C:\www\php\weiphp3\Application\Common\Common\function.php 第 501 行.
NOTIC: [8] Undefined variable: addons C:\www\php\weiphp3\Application\Common\Common\function.php 第 501 行.
NOTIC: [8] Undefined variable: addons C:\www\php\weiphp3\Application\Common\Common\function.php 第 501 行.
NOTIC: [8] Undefined variable: addons C:\www\php\weiphp3\Application\Common\Common\function.php 第 501 行.
NOTIC: [8] Undefined variable: addons C:\www\php\weiphp3\Application\Common\Common\function.php 第 501 行.
NOTIC: [8] Undefined variable: addons C:\www\php\weiphp3\Application\Common\Common\function.php 第 501 行.
NOTIC: [8] Undefined variable: addons C:\www\php\weiphp3\Application\Common\Common\function.php 第 501 行.
NOTIC: [8] Undefined variable: addons C:\www\php\weiphp3\Application\Common\Common\function.php 第 501 行.
NOTIC: [8] Undefined variable: addons C:\www\php\weiphp3\Application\Common\Common\function.php 第 501 行.
NOTIC: [8] Undefined variable: addons C:\www\php\weiphp3\Application\Common\Common\function.php 第 501 行.
NOTIC: [8] Undefined variable: addons C:\www\php\weiphp3\Application\Common\Common\function.php 第 501 行.
SQL: SELECT * FROM `wp_manager_menu` WHERE `uid` = 1 AND `is_hide` = 0 ORDER BY sort asc, id asc  [ RunTime:0.0010s ]
NOTIC: [8] Undefined variable: addons C:\www\php\weiphp3\Application\Common\Common\function.php 第 501 行.
NOTIC: [8] Undefined variable: addons C:\www\php\weiphp3\Application\Common\Common\function.php 第 501 行.
NOTIC: [8] Undefined variable: addons C:\www\php\weiphp3\Application\Common\Common\function.php 第 501 行.
NOTIC: [8] Undefined variable: addons C:\www\php\weiphp3\Application\Common\Common\function.php 第 501 行.
NOTIC: [8] Undefined variable: addons C:\www\php\weiphp3\Application\Common\Common\function.php 第 501 行.
NOTIC: [8] Undefined variable: addons C:\www\php\weiphp3\Application\Common\Common\function.php 第 501 行.
NOTIC: [8] Undefined variable: addons C:\www\php\weiphp3\Application\Common\Common\function.php 第 501 行.
NOTIC: [8] Undefined variable: addons C:\www\php\weiphp3\Application\Common\Common\function.php 第 501 行.
NOTIC: [8] Undefined variable: addons C:\www\php\weiphp3\Application\Common\Common\function.php 第 501 行.
NOTIC: [8] Undefined index: 14 C:\www\php\weiphp3\Application\Common\Model\ManagerMenuModel.class.php 第 106 行.
NOTIC: [8] Undefined index: 14 C:\www\php\weiphp3\Application\Common\Model\ManagerMenuModel.class.php 第 116 行.
NOTIC: [8] Undefined index: 60 C:\www\php\weiphp3\Application\Common\Model\ManagerMenuModel.class.php 第 106 行.
NOTIC: [8] Undefined index: 60 C:\www\php\weiphp3\Application\Common\Model\ManagerMenuModel.class.php 第 116 行.
NOTIC: [8] Undefined index: side C:\www\php\weiphp3\Application\Common\Model\ManagerMenuModel.class.php 第 179 行.
NOTIC: [8] Undefined index: side C:\www\php\weiphp3\Application\Common\Model\ManagerMenuModel.class.php 第 179 行.
NOTIC: [8] Undefined index: side C:\www\php\weiphp3\Application\Common\Model\ManagerMenuModel.class.php 第 179 行.
NOTIC: [8] Undefined index: side C:\www\php\weiphp3\Application\Common\Model\ManagerMenuModel.class.php 第 179 行.
NOTIC: [8] Undefined index: side C:\www\php\weiphp3\Application\Common\Model\ManagerMenuModel.class.php 第 179 行.
NOTIC: [8] Undefined index: side C:\www\php\weiphp3\Application\Common\Model\ManagerMenuModel.class.php 第 179 行.
NOTIC: [8] Undefined index: side C:\www\php\weiphp3\Application\Common\Model\ManagerMenuModel.class.php 第 179 行.
NOTIC: [8] Undefined index: side C:\www\php\weiphp3\Application\Common\Model\ManagerMenuModel.class.php 第 179 行.
NOTIC: [8] Undefined index: side C:\www\php\weiphp3\Application\Common\Model\ManagerMenuModel.class.php 第 179 行.
NOTIC: [8] Undefined index: side C:\www\php\weiphp3\Application\Common\Model\ManagerMenuModel.class.php 第 179 行.
NOTIC: [8] Undefined index: side C:\www\php\weiphp3\Application\Common\Model\ManagerMenuModel.class.php 第 179 行.
NOTIC: [8] Undefined index: side C:\www\php\weiphp3\Application\Common\Model\ManagerMenuModel.class.php 第 179 行.
NOTIC: [8] Undefined index: side C:\www\php\weiphp3\Application\Common\Model\ManagerMenuModel.class.php 第 179 行.
NOTIC: [8] Undefined index: side C:\www\php\weiphp3\Application\Common\Model\ManagerMenuModel.class.php 第 179 行.
NOTIC: [8] Undefined index: side C:\www\php\weiphp3\Application\Common\Model\ManagerMenuModel.class.php 第 179 行.
NOTIC: [8] Undefined index: side C:\www\php\weiphp3\Application\Common\Model\ManagerMenuModel.class.php 第 179 行.
NOTIC: [8] Undefined index: side C:\www\php\weiphp3\Application\Common\Model\ManagerMenuModel.class.php 第 179 行.
NOTIC: [8] Undefined index: side C:\www\php\weiphp3\Application\Common\Model\ManagerMenuModel.class.php 第 179 行.
NOTIC: [8] Undefined index: side C:\www\php\weiphp3\Application\Common\Model\ManagerMenuModel.class.php 第 179 行.
NOTIC: [8] Undefined index: side C:\www\php\weiphp3\Application\Common\Model\ManagerMenuModel.class.php 第 179 行.
NOTIC: [8] Undefined index: side C:\www\php\weiphp3\Application\Common\Model\ManagerMenuModel.class.php 第 179 行.
NOTIC: [8] Undefined index: side C:\www\php\weiphp3\Application\Common\Model\ManagerMenuModel.class.php 第 179 行.
NOTIC: [8] Undefined index: side C:\www\php\weiphp3\Application\Common\Model\ManagerMenuModel.class.php 第 179 行.
NOTIC: [8] Undefined index: side C:\www\php\weiphp3\Application\Common\Model\ManagerMenuModel.class.php 第 179 行.
NOTIC: [8] Undefined index: side C:\www\php\weiphp3\Application\Common\Model\ManagerMenuModel.class.php 第 179 行.
NOTIC: [8] Undefined index: side C:\www\php\weiphp3\Application\Common\Model\ManagerMenuModel.class.php 第 179 行.
NOTIC: [8] Undefined index: side C:\www\php\weiphp3\Application\Common\Model\ManagerMenuModel.class.php 第 179 行.
NOTIC: [8] Undefined index: side C:\www\php\weiphp3\Application\Common\Model\ManagerMenuModel.class.php 第 179 行.
NOTIC: [8] Undefined index: side C:\www\php\weiphp3\Application\Common\Model\ManagerMenuModel.class.php 第 179 行.
NOTIC: [8] Undefined index: side C:\www\php\weiphp3\Application\Common\Model\ManagerMenuModel.class.php 第 179 行.
NOTIC: [8] Undefined index: side C:\www\php\weiphp3\Application\Common\Model\ManagerMenuModel.class.php 第 179 行.
NOTIC: [8] Undefined index: side C:\www\php\weiphp3\Application\Common\Model\ManagerMenuModel.class.php 第 179 行.
NOTIC: [8] Undefined index: side C:\www\php\weiphp3\Application\Common\Model\ManagerMenuModel.class.php 第 179 行.
NOTIC: [8] Undefined index: side C:\www\php\weiphp3\Application\Common\Model\ManagerMenuModel.class.php 第 179 行.
NOTIC: [8] Undefined index: side C:\www\php\weiphp3\Application\Common\Model\ManagerMenuModel.class.php 第 179 行.
NOTIC: [8] Undefined index: side C:\www\php\weiphp3\Application\Common\Model\ManagerMenuModel.class.php 第 179 行.
NOTIC: [8] Undefined index: side C:\www\php\weiphp3\Application\Common\Model\ManagerMenuModel.class.php 第 179 行.
NOTIC: [8] Undefined index: side C:\www\php\weiphp3\Application\Common\Model\ManagerMenuModel.class.php 第 179 行.
NOTIC: [8] Undefined index: side C:\www\php\weiphp3\Application\Common\Model\ManagerMenuModel.class.php 第 179 行.
NOTIC: [8] Undefined index: side C:\www\php\weiphp3\Application\Common\Model\ManagerMenuModel.class.php 第 179 行.
NOTIC: [8] Undefined index: side C:\www\php\weiphp3\Application\Common\Model\ManagerMenuModel.class.php 第 179 行.
NOTIC: [8] Undefined offset: 14 C:\www\php\weiphp3\Application\Common\Model\ManagerMenuModel.class.php 第 185 行.
SQL: SELECT * FROM `wp_public_link` WHERE `uid` = 1  [ RunTime:0.0004s ]
SQL: SELECT `id`,`title` FROM `wp_addons` WHERE `status` = 1  [ RunTime:0.0005s ]
SQL: UPDATE `wp_attribute` SET `extra`='111:帐号配置
93:互动游戏
18:欢迎语
19:微信用户中心
56:自定义菜单
101:微信卡券
39:微官网
42:微信宣传页
48:自定义回复
50:微调研
91:微邀约
97:微抢答
100:通用表单
106:微信红包
107:竞猜
108:微贺卡
110:实物奖励
126:开发者工具箱
128:微名片
130:自动回复
133:支付通
134:投票
137:评论互动
140:没回答的回复
141:工作授权
142:优惠券
143:帮拆礼包
144:会员卡
145:签到
146:微预约
151:短信服务
152:微考试
153:微测试
162:微社区
163:扫码管理
156:比赛抽奖
164:一键绑定公众号
' WHERE `name` = 'addon_status' [ RunTime:0.0053s ]
SQL: SELECT `id`,`title`,`url` FROM `wp_menu` WHERE `pid` = 0 AND `hide` = 0 AND `is_dev` = 0 ORDER BY sort asc  [ RunTime:0.0004s ]
SQL: SELECT `pid` FROM `wp_menu` WHERE ( pid !=0 AND url like '%Config/group%' ) LIMIT 1   [ RunTime:0.0003s ]
SQL: SELECT * FROM `wp_menu` WHERE `id` = 68 LIMIT 1   [ RunTime:0.0002s ]
SQL: SELECT DISTINCT  `group` FROM `wp_menu` WHERE `group` <> '' AND `pid` = 68  [ RunTime:0.0004s ]
SQL: SELECT `id`,`url` FROM `wp_menu` WHERE `pid` = 68 AND `hide` = 0 AND `is_dev` = 0  [ RunTime:0.0003s ]
SQL: SELECT `id`,`pid`,`title`,`url`,`tip` FROM `wp_menu` WHERE `group` = '系统设置' AND `pid` = 68 AND `hide` = 0 AND `is_dev` = 0 ORDER BY sort asc  [ RunTime:0.0004s ]
SQL: SELECT `id`,`pid`,`title`,`url`,`tip` FROM `wp_menu` WHERE `group` = '数据备份' AND `pid` = 68 AND `hide` = 0 AND `is_dev` = 0 ORDER BY sort asc  [ RunTime:0.0003s ]
SQL: SELECT `id`,`name`,`title`,`extra`,`value`,`remark`,`type` FROM `wp_config` WHERE `status` = 1 AND `group` = 1 ORDER BY sort  [ RunTime:0.0020s ]
INFO: [ view_parse ] --START--
INFO: [ template_filter ] --START--
INFO: Run Behavior\ContentReplaceBehavior [ RunTime:0.000265s ]
INFO: [ template_filter ] --END-- [ RunTime:0.000359s ]
INFO: Run Behavior\ParseTemplateBehavior [ RunTime:0.032399s ]
INFO: [ view_parse ] --END-- [ RunTime:0.032591s ]
INFO: [ view_filter ] --START--
INFO: Run Behavior\WriteHtmlCacheBehavior [ RunTime:0.001512s ]
INFO: [ view_filter ] --END-- [ RunTime:0.001589s ]
INFO: [ app_end ] --START--
INFO: Run Behavior\ShowPageTraceBehavior [ RunTime:0.001638s ]
INFO: [ app_end ] --END-- [ RunTime:0.001727s ]

[ 2016-06-30T12:23:18+08:00 ] 118.132.120.53 /php/weiphp3/index.php?s=/Admin/update/getRemoteVersion.html
INFO: [ app_init ] --START--
INFO: Run Behavior\BuildLiteBehavior [ RunTime:0.000024s ]
INFO: Run Common\Behavior\InitHookBehavior [ RunTime:0.006885s ]
INFO: [ app_init ] --END-- [ RunTime:0.008088s ]
INFO: [ app_begin ] --START--
INFO: Run Behavior\ReadHtmlCacheBehavior [ RunTime:0.001396s ]
INFO: [ app_begin ] --END-- [ RunTime:0.001470s ]
NOTIC: [8] Undefined index: uid C:\www\php\weiphp3\ThinkPHP\Library\Think\Controller.class.php 第 529 行.
SQL: SELECT `id`,`token` FROM `wp_public`  [ RunTime:0.0003s ]
NOTIC: [8] Undefined index: -1 C:\www\php\weiphp3\Application\Common\Model\PublicModel.class.php 第 38 行.
NOTIC: [8] Undefined index: addon_status C:\www\php\weiphp3\Application\Common\Model\AddonStatusModel.class.php 第 47 行.
NOTIC: [8] Undefined index: group_id C:\www\php\weiphp3\Application\Common\Model\AddonStatusModel.class.php 第 50 行.
NOTIC: [8] Undefined variable: addons C:\www\php\weiphp3\Application\Common\Common\function.php 第 501 行.
NOTIC: [8] Undefined variable: addons C:\www\php\weiphp3\Application\Common\Common\function.php 第 501 行.
NOTIC: [8] Undefined variable: addons C:\www\php\weiphp3\Application\Common\Common\function.php 第 501 行.
NOTIC: [8] Undefined variable: addons C:\www\php\weiphp3\Application\Common\Common\function.php 第 501 行.
NOTIC: [8] Undefined variable: addons C:\www\php\weiphp3\Application\Common\Common\function.php 第 501 行.
NOTIC: [8] Undefined variable: addons C:\www\php\weiphp3\Application\Common\Common\function.php 第 501 行.
NOTIC: [8] Undefined variable: addons C:\www\php\weiphp3\Application\Common\Common\function.php 第 501 行.
NOTIC: [8] Undefined variable: addons C:\www\php\weiphp3\Application\Common\Common\function.php 第 501 行.
NOTIC: [8] Undefined variable: addons C:\www\php\weiphp3\Application\Common\Common\function.php 第 501 行.
NOTIC: [8] Undefined variable: addons C:\www\php\weiphp3\Application\Common\Common\function.php 第 501 行.
NOTIC: [8] Undefined variable: addons C:\www\php\weiphp3\Application\Common\Common\function.php 第 501 行.
NOTIC: [8] Undefined variable: addons C:\www\php\weiphp3\Application\Common\Common\function.php 第 501 行.
NOTIC: [8] Undefined variable: addons C:\www\php\weiphp3\Application\Common\Common\function.php 第 501 行.
NOTIC: [8] Undefined variable: addons C:\www\php\weiphp3\Application\Common\Common\function.php 第 501 行.
NOTIC: [8] Undefined variable: addons C:\www\php\weiphp3\Application\Common\Common\function.php 第 501 行.
NOTIC: [8] Undefined variable: addons C:\www\php\weiphp3\Application\Common\Common\function.php 第 501 行.
NOTIC: [8] Undefined variable: addons C:\www\php\weiphp3\Application\Common\Common\function.php 第 501 行.
NOTIC: [8] Undefined variable: addons C:\www\php\weiphp3\Application\Common\Common\function.php 第 501 行.
NOTIC: [8] Undefined variable: addons C:\www\php\weiphp3\Application\Common\Common\function.php 第 501 行.
NOTIC: [8] Undefined variable: addons C:\www\php\weiphp3\Application\Common\Common\function.php 第 501 行.
NOTIC: [8] Undefined variable: addons C:\www\php\weiphp3\Application\Common\Common\function.php 第 501 行.
NOTIC: [8] Undefined variable: addons C:\www\php\weiphp3\Application\Common\Common\function.php 第 501 行.
NOTIC: [8] Undefined variable: addons C:\www\php\weiphp3\Application\Common\Common\function.php 第 501 行.
NOTIC: [8] Undefined variable: addons C:\www\php\weiphp3\Application\Common\Common\function.php 第 501 行.
NOTIC: [8] Undefined variable: addons C:\www\php\weiphp3\Application\Common\Common\function.php 第 501 行.
NOTIC: [8] Undefined variable: addons C:\www\php\weiphp3\Application\Common\Common\function.php 第 501 行.
NOTIC: [8] Undefined variable: addons C:\www\php\weiphp3\Application\Common\Common\function.php 第 501 行.
NOTIC: [8] Undefined variable: addons C:\www\php\weiphp3\Application\Common\Common\function.php 第 501 行.
NOTIC: [8] Undefined variable: addons C:\www\php\weiphp3\Application\Common\Common\function.php 第 501 行.
NOTIC: [8] Undefined variable: addons C:\www\php\weiphp3\Application\Common\Common\function.php 第 501 行.
NOTIC: [8] Undefined variable: addons C:\www\php\weiphp3\Application\Common\Common\function.php 第 501 行.
NOTIC: [8] Undefined variable: addons C:\www\php\weiphp3\Application\Common\Common\function.php 第 501 行.
NOTIC: [8] Undefined variable: addons C:\www\php\weiphp3\Application\Common\Common\function.php 第 501 行.
NOTIC: [8] Undefined variable: addons C:\www\php\weiphp3\Application\Common\Common\function.php 第 501 行.
NOTIC: [8] Undefined variable: addons C:\www\php\weiphp3\Application\Common\Common\function.php 第 501 行.
NOTIC: [8] Undefined variable: addons C:\www\php\weiphp3\Application\Common\Common\function.php 第 501 行.
NOTIC: [8] Undefined variable: addons C:\www\php\weiphp3\Application\Common\Common\function.php 第 501 行.
SQL: SELECT * FROM `wp_manager_menu` WHERE `uid` = 1 AND `is_hide` = 0 ORDER BY sort asc, id asc  [ RunTime:0.0009s ]
NOTIC: [8] Undefined variable: addons C:\www\php\weiphp3\Application\Common\Common\function.php 第 501 行.
NOTIC: [8] Undefined variable: addons C:\www\php\weiphp3\Application\Common\Common\function.php 第 501 行.
NOTIC: [8] Undefined variable: addons C:\www\php\weiphp3\Application\Common\Common\function.php 第 501 行.
NOTIC: [8] Undefined variable: addons C:\www\php\weiphp3\Application\Common\Common\function.php 第 501 行.
NOTIC: [8] Undefined variable: addons C:\www\php\weiphp3\Application\Common\Common\function.php 第 501 行.
NOTIC: [8] Undefined variable: addons C:\www\php\weiphp3\Application\Common\Common\function.php 第 501 行.
NOTIC: [8] Undefined variable: addons C:\www\php\weiphp3\Application\Common\Common\function.php 第 501 行.
NOTIC: [8] Undefined variable: addons C:\www\php\weiphp3\Application\Common\Common\function.php 第 501 行.
NOTIC: [8] Undefined variable: addons C:\www\php\weiphp3\Application\Common\Common\function.php 第 501 行.
NOTIC: [8] Undefined index: 14 C:\www\php\weiphp3\Application\Common\Model\ManagerMenuModel.class.php 第 106 行.
NOTIC: [8] Undefined index: 14 C:\www\php\weiphp3\Application\Common\Model\ManagerMenuModel.class.php 第 116 行.
NOTIC: [8] Undefined index: 60 C:\www\php\weiphp3\Application\Common\Model\ManagerMenuModel.class.php 第 106 行.
NOTIC: [8] Undefined index: 60 C:\www\php\weiphp3\Application\Common\Model\ManagerMenuModel.class.php 第 116 行.
NOTIC: [8] Undefined index: side C:\www\php\weiphp3\Application\Common\Model\ManagerMenuModel.class.php 第 179 行.
NOTIC: [8] Undefined index: side C:\www\php\weiphp3\Application\Common\Model\ManagerMenuModel.class.php 第 179 行.
NOTIC: [8] Undefined index: side C:\www\php\weiphp3\Application\Common\Model\ManagerMenuModel.class.php 第 179 行.
NOTIC: [8] Undefined index: side C:\www\php\weiphp3\Application\Common\Model\ManagerMenuModel.class.php 第 179 行.
NOTIC: [8] Undefined index: side C:\www\php\weiphp3\Application\Common\Model\ManagerMenuModel.class.php 第 179 行.
NOTIC: [8] Undefined index: side C:\www\php\weiphp3\Application\Common\Model\ManagerMenuModel.class.php 第 179 行.
NOTIC: [8] Undefined index: side C:\www\php\weiphp3\Application\Common\Model\ManagerMenuModel.class.php 第 179 行.
NOTIC: [8] Undefined index: side C:\www\php\weiphp3\Application\Common\Model\ManagerMenuModel.class.php 第 179 行.
NOTIC: [8] Undefined index: side C:\www\php\weiphp3\Application\Common\Model\ManagerMenuModel.class.php 第 179 行.
NOTIC: [8] Undefined index: side C:\www\php\weiphp3\Application\Common\Model\ManagerMenuModel.class.php 第 179 行.
NOTIC: [8] Undefined index: side C:\www\php\weiphp3\Application\Common\Model\ManagerMenuModel.class.php 第 179 行.
NOTIC: [8] Undefined index: side C:\www\php\weiphp3\Application\Common\Model\ManagerMenuModel.class.php 第 179 行.
NOTIC: [8] Undefined index: side C:\www\php\weiphp3\Application\Common\Model\ManagerMenuModel.class.php 第 179 行.
NOTIC: [8] Undefined index: side C:\www\php\weiphp3\Application\Common\Model\ManagerMenuModel.class.php 第 179 行.
NOTIC: [8] Undefined index: side C:\www\php\weiphp3\Application\Common\Model\ManagerMenuModel.class.php 第 179 行.
NOTIC: [8] Undefined index: side C:\www\php\weiphp3\Application\Common\Model\ManagerMenuModel.class.php 第 179 行.
NOTIC: [8] Undefined index: side C:\www\php\weiphp3\Application\Common\Model\ManagerMenuModel.class.php 第 179 行.
NOTIC: [8] Undefined index: side C:\www\php\weiphp3\Application\Common\Model\ManagerMenuModel.class.php 第 179 行.
NOTIC: [8] Undefined index: side C:\www\php\weiphp3\Application\Common\Model\ManagerMenuModel.class.php 第 179 行.
NOTIC: [8] Undefined index: side C:\www\php\weiphp3\Application\Common\Model\ManagerMenuModel.class.php 第 179 行.
NOTIC: [8] Undefined index: side C:\www\php\weiphp3\Application\Common\Model\ManagerMenuModel.class.php 第 179 行.
NOTIC: [8] Undefined index: side C:\www\php\weiphp3\Application\Common\Model\ManagerMenuModel.class.php 第 179 行.
NOTIC: [8] Undefined index: side C:\www\php\weiphp3\Application\Common\Model\ManagerMenuModel.class.php 第 179 行.
NOTIC: [8] Undefined index: side C:\www\php\weiphp3\Application\Common\Model\ManagerMenuModel.class.php 第 179 行.
NOTIC: [8] Undefined index: side C:\www\php\weiphp3\Application\Common\Model\ManagerMenuModel.class.php 第 179 行.
NOTIC: [8] Undefined index: side C:\www\php\weiphp3\Application\Common\Model\ManagerMenuModel.class.php 第 179 行.
NOTIC: [8] Undefined index: side C:\www\php\weiphp3\Application\Common\Model\ManagerMenuModel.class.php 第 179 行.
NOTIC: [8] Undefined index: side C:\www\php\weiphp3\Application\Common\Model\ManagerMenuModel.class.php 第 179 行.
NOTIC: [8] Undefined index: side C:\www\php\weiphp3\Application\Common\Model\ManagerMenuModel.class.php 第 179 行.
NOTIC: [8] Undefined index: side C:\www\php\weiphp3\Application\Common\Model\ManagerMenuModel.class.php 第 179 行.
NOTIC: [8] Undefined index: side C:\www\php\weiphp3\Application\Common\Model\ManagerMenuModel.class.php 第 179 行.
NOTIC: [8] Undefined index: side C:\www\php\weiphp3\Application\Common\Model\ManagerMenuModel.class.php 第 179 行.
NOTIC: [8] Undefined index: side C:\www\php\weiphp3\Application\Common\Model\ManagerMenuModel.class.php 第 179 行.
NOTIC: [8] Undefined index: side C:\www\php\weiphp3\Application\Common\Model\ManagerMenuModel.class.php 第 179 行.
NOTIC: [8] Undefined index: side C:\www\php\weiphp3\Application\Common\Model\ManagerMenuModel.class.php 第 179 行.
NOTIC: [8] Undefined index: side C:\www\php\weiphp3\Application\Common\Model\ManagerMenuModel.class.php 第 179 行.
NOTIC: [8] Undefined index: side C:\www\php\weiphp3\Application\Common\Model\ManagerMenuModel.class.php 第 179 行.
NOTIC: [8] Undefined index: side C:\www\php\weiphp3\Application\Common\Model\ManagerMenuModel.class.php 第 179 行.
NOTIC: [8] Undefined index: side C:\www\php\weiphp3\Application\Common\Model\ManagerMenuModel.class.php 第 179 行.
NOTIC: [8] Undefined index: side C:\www\php\weiphp3\Application\Common\Model\ManagerMenuModel.class.php 第 179 行.
NOTIC: [8] Undefined index: side C:\www\php\weiphp3\Application\Common\Model\ManagerMenuModel.class.php 第 179 行.
NOTIC: [8] Undefined offset: 14 C:\www\php\weiphp3\Application\Common\Model\ManagerMenuModel.class.php 第 185 行.
SQL: SELECT * FROM `wp_public_link` WHERE `uid` = 1  [ RunTime:0.0002s ]
SQL: SELECT `id`,`title` FROM `wp_addons` WHERE `status` = 1  [ RunTime:0.0007s ]
SQL: UPDATE `wp_attribute` SET `extra`='111:帐号配置
93:互动游戏
18:欢迎语
19:微信用户中心
56:自定义菜单
101:微信卡券
39:微官网
42:微信宣传页
48:自定义回复
50:微调研
91:微邀约
97:微抢答
100:通用表单
106:微信红包
107:竞猜
108:微贺卡
110:实物奖励
126:开发者工具箱
128:微名片
130:自动回复
133:支付通
134:投票
137:评论互动
140:没回答的回复
141:工作授权
142:优惠券
143:帮拆礼包
144:会员卡
145:签到
146:微预约
151:短信服务
152:微考试
153:微测试
162:微社区
163:扫码管理
156:比赛抽奖
164:一键绑定公众号
' WHERE `name` = 'addon_status' [ RunTime:0.0053s ]
SQL: SELECT `id`,`title`,`url` FROM `wp_menu` WHERE `pid` = 0 AND `hide` = 0 AND `is_dev` = 0 ORDER BY sort asc  [ RunTime:0.0004s ]
SQL: SELECT `pid` FROM `wp_menu` WHERE ( pid !=0 AND url like '%Update/getRemoteVersion%' ) LIMIT 1   [ RunTime:0.0003s ]
SQL: SELECT * FROM `wp_menu` WHERE `id` = 68 LIMIT 1   [ RunTime:0.0002s ]
SQL: SELECT DISTINCT  `group` FROM `wp_menu` WHERE `group` <> '' AND `pid` = 68  [ RunTime:0.0004s ]
SQL: SELECT `id`,`url` FROM `wp_menu` WHERE `pid` = 68 AND `hide` = 0 AND `is_dev` = 0  [ RunTime:0.0003s ]
SQL: SELECT `id`,`pid`,`title`,`url`,`tip` FROM `wp_menu` WHERE `group` = '系统设置' AND `pid` = 68 AND `hide` = 0 AND `is_dev` = 0 ORDER BY sort asc  [ RunTime:0.0004s ]
SQL: SELECT `id`,`pid`,`title`,`url`,`tip` FROM `wp_menu` WHERE `group` = '数据备份' AND `pid` = 68 AND `hide` = 0 AND `is_dev` = 0 ORDER BY sort asc  [ RunTime:0.0003s ]
INFO: [ app_end ] --START--
INFO: Run Behavior\ShowPageTraceBehavior [ RunTime:0.001896s ]
INFO: [ app_end ] --END-- [ RunTime:0.002019s ]

